<?xml version="1.0" encoding="UTF-8"?>
<!-- Generated by org.testng.reporters.JUnitReportReporter -->
<testsuite hostname="LAPTOP-IUJCQHFK" failures="0" tests="3" name="TestRunner.RunnerTest" time="15.352" errors="0" timestamp="2023-08-05T09:37:53 IST" skipped="0">
  <testcase classname="TestRunner.RunnerTest" name="runScenario" time="2.821"/>
  <system-out/>
  <testcase classname="TestRunner.RunnerTest" name="runScenario" time="10.355"/>
  <system-out/>
  <testcase classname="TestRunner.RunnerTest" name="runScenario" time="2.176"/>
  <system-out/>
</testsuite> <!-- TestRunner.RunnerTest -->
