<?xml version="1.0" encoding="UTF-8"?>
<!-- Generated by org.testng.reporters.JUnitReportReporter -->
<testsuite hostname="DESKTOP-4G6V73A" failures="0" tests="1" name="TestRunner.RunnerTest" time="11.367" errors="0" timestamp="2023-08-05T08:00:37 IST" skipped="0">
  <testcase classname="TestRunner.RunnerTest" name="runScenario" time="11.367"/>
  <system-out/>
</testsuite> <!-- TestRunner.RunnerTest -->
