<?xml version="1.0" encoding="UTF-8"?>
<!-- Generated by org.testng.reporters.JUnitReportReporter -->
<testsuite hostname="SARITA" failures="0" tests="4" name="TestRunner.RunnerTest" time="51.112" errors="0" timestamp="2023-08-05T10:12:01 IST" skipped="0">
  <testcase classname="TestRunner.RunnerTest" name="runScenario" time="8.476"/>
  <system-out/>
  <testcase classname="TestRunner.RunnerTest" name="runScenario" time="3.649"/>
  <system-out/>
  <testcase classname="TestRunner.RunnerTest" name="runScenario" time="25.243"/>
  <system-out/>
  <testcase classname="TestRunner.RunnerTest" name="runScenario" time="13.744"/>
  <system-out/>
</testsuite> <!-- TestRunner.RunnerTest -->
