<?xml version="1.0" encoding="UTF-8"?>
<!-- Generated by org.testng.reporters.JUnitReportReporter -->
<testsuite hostname="DESKTOP-4G6V73A" failures="0" tests="2" name="TestRunner.RunnerTest" time="14.225" errors="0" timestamp="2023-08-05T08:59:52 IST" skipped="0">
  <testcase classname="TestRunner.RunnerTest" name="runScenario" time="2.961"/>
  <system-out/>
  <testcase classname="TestRunner.RunnerTest" name="runScenario" time="11.264"/>
  <system-out/>
</testsuite> <!-- TestRunner.RunnerTest -->
